<!DOCTYPE suite SYSTEM "https://testng.org/testng-1.0.dtd">
<suite name="TestSuite" parallel="methods" thread-count="4">
    <test name="Smoke">
        <groups>
            <run>
                <include name="smoke"/>
                <include name="setting"/>
            </run>
        </groups>
        <packages>
            <package name="com.epam.tat.module6.tests"/>
        </packages>
    </test>

</suite>
