<!DOCTYPE suite SYSTEM "http://testng.org/testng-1.0.dtd">
<suite name="All">
    <test name="All">
        <packages>
            <package name="com.epam.tat.module6.tests"/>
        </packages>
    </test>
</suite>